c:\users\tanap\desktop\project1\project1\debug\vc142.pdb
c:\users\tanap\desktop\project1\project1\debug\vc142.idb
c:\users\tanap\desktop\project1\project1\debug\vectorpositions.obj
c:\users\tanap\desktop\project1\project1\debug\source.obj
c:\users\tanap\desktop\project1\project1\debug\a_star_pathfinding.obj
c:\users\tanap\desktop\project1\debug\project1.pdb
c:\users\tanap\desktop\project1\project1\debug\project1.tlog\cl.command.1.tlog
c:\users\tanap\desktop\project1\project1\debug\project1.tlog\cl.read.1.tlog
c:\users\tanap\desktop\project1\project1\debug\project1.tlog\cl.write.1.tlog
c:\users\tanap\desktop\project1\project1\debug\project1.tlog\link-cvtres.read.1.tlog
c:\users\tanap\desktop\project1\project1\debug\project1.tlog\link-cvtres.write.1.tlog
c:\users\tanap\desktop\project1\project1\debug\project1.tlog\link-rc.read.1.tlog
c:\users\tanap\desktop\project1\project1\debug\project1.tlog\link-rc.write.1.tlog
c:\users\tanap\desktop\project1\project1\debug\project1.tlog\link.9804-cvtres.read.1.tlog
c:\users\tanap\desktop\project1\project1\debug\project1.tlog\link.9804-cvtres.write.1.tlog
c:\users\tanap\desktop\project1\project1\debug\project1.tlog\link.9804-rc.read.1.tlog
c:\users\tanap\desktop\project1\project1\debug\project1.tlog\link.9804-rc.write.1.tlog
c:\users\tanap\desktop\project1\project1\debug\project1.tlog\link.9804.read.1.tlog
c:\users\tanap\desktop\project1\project1\debug\project1.tlog\link.9804.write.1.tlog
c:\users\tanap\desktop\project1\project1\debug\project1.tlog\link.command.1.tlog
c:\users\tanap\desktop\project1\project1\debug\project1.tlog\link.read.1.tlog
c:\users\tanap\desktop\project1\project1\debug\project1.tlog\link.write.1.tlog
